20:45:38 **** Incremental Build of configuration Debug for project Project3 ****
make all 
Building file: ../fanController.c
Invoking: AVR Compiler
avr-gcc -Wall -g2 -gstabs -O0 -fpack-struct -fshort-enums -ffunction-sections -fdata-sections -std=gnu99 -funsigned-char -funsigned-bitfields -mmcu=atmega16 -DF_CPU=1000000UL -MMD -MP -MF"fanController.d" -MT"fanController.o" -c -o "fanController.o" "../fanController.c"
Finished building: ../fanController.c
 
Building target: Project3.elf
Invoking: AVR C Linker
avr-gcc -Wl,-Map,Project3.map -mmcu=atmega16 -o "Project3.elf"  ./adc.o ./dc_motor.o ./fanController.o ./gpio.o ./lcd.o ./lm35_sensor.o ./pwm.o   
Finished building target: Project3.elf
 
Invoking: AVR Create Extended Listing
avr-objdump -h -S Project3.elf  >"Project3.lss"
Finished building: Project3.lss
 
Invoking: Print Size
avr-size --format=avr --mcu=atmega16 Project3.elf
AVR Memory Usage
----------------
Device: atmega16

Program:    9374 bytes (57.2% Full)
(.text + .data + .bootloader)

Data:        300 bytes (29.3% Full)
(.data + .bss + .noinit)


Finished building: sizedummy
 

20:45:38 Build Finished. 0 errors, 0 warnings. (took 623ms)

